1639069551478	geckodriver	INFO	Listening on 127.0.0.1:57765
1639069552494	mozrunner::runner	INFO	Running command: "/usr/bin/firefox" "--marionette" "-no-remote" "-profile" "/tmp/rust_mozprofilePAGSzh"
1639070526967	geckodriver	INFO	Listening on 127.0.0.1:54757
1639070526984	mozrunner::runner	INFO	Running command: "/usr/bin/firefox" "--marionette" "-no-remote" "-profile" "/tmp/rust_mozprofileJjCVgp"
1639070535489	Marionette	INFO	Listening on port 41121
1639070535624	Marionette	WARN	TLS certificate errors will be ignored for this session
JavaScript warning: https://wiutuz.booksys.net/js/libs/jquery-1.9.1.min.js, line 2: Using //@ to indicate sourceMappingURL pragmas is deprecated. Use //# instead
JavaScript warning: https://wiutuz.booksys.net/js/libs/jquery-1.9.1.min.js, line 2: Using //@ to indicate sourceMappingURL pragmas is deprecated. Use //# instead
JavaScript warning: https://wiutuz.booksys.net/js/libs/jquery-1.9.1.min.js, line 2: Using //@ to indicate sourceMappingURL pragmas is deprecated. Use //# instead
console.error: "Store does not have a valid reducer. Make sure the argument passed to combineReducers is an object whose values are reducers."
1639070821796	Marionette	INFO	Stopped listening on port 41121
1639070853239	geckodriver	INFO	Listening on 127.0.0.1:37319
1639070853256	mozrunner::runner	INFO	Running command: "/usr/bin/firefox" "--marionette" "-no-remote" "-profile" "/tmp/rust_mozprofileAEXGYc"
1639070859698	Marionette	INFO	Listening on port 40263
1639070859811	Marionette	WARN	TLS certificate errors will be ignored for this session
JavaScript warning: https://wiutuz.booksys.net/js/libs/jquery-1.9.1.min.js, line 2: Using //@ to indicate sourceMappingURL pragmas is deprecated. Use //# instead
JavaScript warning: https://wiutuz.booksys.net/js/libs/jquery-1.9.1.min.js, line 2: Using //@ to indicate sourceMappingURL pragmas is deprecated. Use //# instead
JavaScript warning: https://wiutuz.booksys.net/js/libs/jquery-1.9.1.min.js, line 2: Using //@ to indicate sourceMappingURL pragmas is deprecated. Use //# instead
JavaScript warning: https://wiutuz.booksys.net/js/libs/jquery-1.9.1.min.js, line 2: Using //@ to indicate sourceMappingURL pragmas is deprecated. Use //# instead
Exiting due to channel error.
Exiting due to channel error.
Exiting due to channel error.
